<?xml version="1.0" encoding="UTF-8"?>
<testsuite name="com.ishan.pdf.invoice.generator.PdfInvoiceGeneratorApplicationTests" tests="1" skipped="0" failures="0" errors="0" timestamp="2024-10-19T11:47:06" hostname="Ishans-MacBook-Pro.local" time="0.441">
  <properties/>
  <testcase name="contextLoads()" classname="com.ishan.pdf.invoice.generator.PdfInvoiceGeneratorApplicationTests" time="0.441"/>
  <system-out><![CDATA[17:17:05.483 [Test worker] INFO org.springframework.test.context.support.AnnotationConfigContextLoaderUtils -- Could not detect default configuration classes for test class [com.ishan.pdf.invoice.generator.PdfInvoiceGeneratorApplicationTests]: PdfInvoiceGeneratorApplicationTests does not declare any static, non-private, non-final, nested classes annotated with @Configuration.
17:17:05.525 [Test worker] INFO org.springframework.boot.test.context.SpringBootTestContextBootstrapper -- Found @SpringBootConfiguration com.ishan.pdf.invoice.generator.PdfInvoiceGeneratorApplication for test class com.ishan.pdf.invoice.generator.PdfInvoiceGeneratorApplicationTests

  .   ____          _            __ _ _
 /\\ / ___'_ __ _ _(_)_ __  __ _ \ \ \ \
( ( )\___ | '_ | '_| | '_ \/ _` | \ \ \ \
 \\/  ___)| |_)| | | | | || (_| |  ) ) ) )
  '  |____| .__|_| |_|_| |_\__, | / / / /
 =========|_|==============|___/=/_/_/_/

 :: Spring Boot ::                (v3.3.4)

2024-10-19T17:17:05.683+05:30  INFO 2671 --- [pdf-invoice-generator] [    Test worker] .i.g.PdfInvoiceGeneratorApplicationTests : Starting PdfInvoiceGeneratorApplicationTests using Java 21.0.2 with PID 2671 (started by ishanrai in /Users/ishanrai/Documents/dev/marco-behler/pdf-invoice-generator)
2024-10-19T17:17:05.684+05:30  INFO 2671 --- [pdf-invoice-generator] [    Test worker] .i.g.PdfInvoiceGeneratorApplicationTests : No active profile set, falling back to 1 default profile: "default"
2024-10-19T17:17:06.168+05:30  INFO 2671 --- [pdf-invoice-generator] [    Test worker] .i.g.PdfInvoiceGeneratorApplicationTests : Started PdfInvoiceGeneratorApplicationTests in 0.587 seconds (process running for 1.099)
]]></system-out>
  <system-err><![CDATA[WARNING: A Java agent has been loaded dynamically (/Users/ishanrai/.gradle/caches/modules-2/files-2.1/net.bytebuddy/byte-buddy-agent/1.14.19/154da3a65b4f4a909d3e5bdec55d1b2b4cbb6ce1/byte-buddy-agent-1.14.19.jar)
WARNING: If a serviceability tool is in use, please run with -XX:+EnableDynamicAgentLoading to hide this warning
WARNING: If a serviceability tool is not in use, please run with -Djdk.instrument.traceUsage for more information
WARNING: Dynamic loading of agents will be disallowed by default in a future release
]]></system-err>
</testsuite>
